<?xml version="1.0" encoding="UTF-8"?>
<!-- Generated by org.testng.reporters.JUnitReportReporter -->
<testsuite name="org.testing.testScript.TC3" tests="1" time="0.054" ignored="0" failures="0" timestamp="30 Jan 2022 13:24:04 GMT" skipped="0" hostname="US-PF2006KK" errors="0">
  <testcase name="testCase3" time="0.054" classname="org.testing.testScript.TC3"/>
</testsuite> <!-- org.testing.testScript.TC3 -->
