<?xml version="1.0" encoding="UTF-8"?>
<!-- Generated by org.testng.reporters.JUnitReportReporter -->
<testsuite name="org.testing.testScript.TC6" tests="1" time="0.031" ignored="0" failures="0" timestamp="30 Jan 2022 13:24:04 GMT" skipped="0" hostname="US-PF2006KK" errors="0">
  <testcase name="testCase6" time="0.031" classname="org.testing.testScript.TC6"/>
</testsuite> <!-- org.testing.testScript.TC6 -->
